TN:
SF:src\modules\appointments\services\CreateAppoitmentSevice.ts
FN:16,(anonymous_18)
FN:17,CreateAppoitmentService
FN:28,(anonymous_20)
FNF:3
FNH:3
FNDA:1,(anonymous_18)
FNDA:5,CreateAppoitmentService
FNDA:7,(anonymous_20)
DA:1,1
DA:2,1
DA:4,1
DA:16,1
DA:19,5
DA:22,5
DA:25,5
DA:28,1
DA:29,7
DA:30,7
DA:31,7
DA:33,7
DA:35,7
DA:36,3
DA:41,4
DA:42,1
DA:47,3
DA:48,1
DA:53,2
DA:57,2
DA:58,0
DA:61,2
DA:67,4
DA:75,4
DA:82,2
DA:84,1
DA:86,1
LF:27
LH:26
BRDA:35,0,0,3
BRDA:35,0,1,4
BRDA:41,1,0,1
BRDA:41,1,1,3
BRDA:47,2,0,1
BRDA:47,2,1,2
BRDA:47,3,0,3
BRDA:47,3,1,2
BRDA:57,4,0,0
BRDA:57,4,1,2
BRF:10
BRH:9
end_of_record
TN:
SF:src\modules\appointments\services\ListProviderDayAvailabilityService.ts
FN:19,(anonymous_17)
FN:20,ListProviderDayAvailabilityService
FN:25,(anonymous_19)
FN:43,(anonymous_22)
FN:48,(anonymous_23)
FN:50,(anonymous_24)
FNF:6
FNH:6
FNDA:1,(anonymous_17)
FNDA:1,ListProviderDayAvailabilityService
FNDA:1,(anonymous_19)
FNDA:10,(anonymous_22)
FNDA:10,(anonymous_23)
FNDA:19,(anonymous_24)
DA:1,1
DA:2,1
DA:3,1
DA:19,1
DA:22,1
DA:25,1
DA:26,1
DA:27,1
DA:28,1
DA:29,1
DA:31,1
DA:40,1
DA:41,1
DA:43,10
DA:46,1
DA:48,1
DA:49,10
DA:50,19
DA:53,10
DA:55,10
DA:62,1
DA:64,1
LF:22
LH:22
BRDA:31,0,0,1
BRDA:58,1,0,10
BRDA:58,1,1,8
BRF:3
BRH:3
end_of_record
TN:
SF:src\modules\appointments\services\ListProviderMonthAvailabilityService.ts
FN:18,(anonymous_17)
FN:19,ListProviderMonthAvailabilityService
FN:24,(anonymous_19)
FN:41,(anonymous_22)
FN:44,(anonymous_23)
FN:45,(anonymous_24)
FNF:6
FNH:6
FNDA:1,(anonymous_17)
FNDA:1,ListProviderMonthAvailabilityService
FNDA:1,(anonymous_19)
FNDA:31,(anonymous_22)
FNDA:31,(anonymous_23)
FNDA:341,(anonymous_24)
DA:1,1
DA:2,1
DA:3,1
DA:18,1
DA:21,1
DA:24,1
DA:25,1
DA:26,1
DA:27,1
DA:29,1
DA:37,1
DA:39,1
DA:41,31
DA:44,1
DA:45,31
DA:46,341
DA:49,31
DA:55,1
DA:57,1
LF:19
LH:19
BRDA:29,0,0,1
BRF:1
BRH:1
end_of_record
TN:
SF:src\modules\appointments\services\ListProvidersAppointmentsService.ts
FN:15,(anonymous_17)
FN:16,ListProviderAppoitmentsService
FN:24,(anonymous_19)
FNF:3
FNH:3
FNDA:1,(anonymous_17)
FNDA:1,ListProviderAppoitmentsService
FNDA:1,(anonymous_19)
DA:1,1
DA:2,1
DA:15,1
DA:18,1
DA:21,1
DA:24,1
DA:25,1
DA:26,1
DA:27,1
DA:28,1
DA:30,1
DA:31,1
DA:35,1
DA:36,1
DA:45,1
DA:47,2
DA:50,1
DA:52,1
LF:18
LH:18
BRDA:50,0,0,1
BRDA:35,1,0,0
BRDA:35,1,1,1
BRF:3
BRH:2
end_of_record
TN:
SF:src\modules\appointments\services\ListProvidersServices.ts
FN:12,(anonymous_17)
FN:13,ListProvidersService
FN:21,(anonymous_19)
FNF:3
FNH:3
FNDA:1,(anonymous_17)
FNDA:1,ListProvidersService
FNDA:1,(anonymous_19)
DA:1,1
DA:2,1
DA:12,1
DA:15,1
DA:18,1
DA:21,1
DA:22,1
DA:26,1
DA:27,1
DA:31,1
DA:33,2
DA:36,1
DA:38,1
LF:13
LH:13
BRDA:22,0,0,1
BRDA:22,0,1,1
BRDA:26,1,0,0
BRDA:26,1,1,1
BRF:4
BRH:3
end_of_record
TN:
SF:src\modules\users\services\AthenticateUserService.ts
FN:15,(anonymous_18)
FN:16,AthenticateUserService
FN:24,(anonymous_20)
FNF:3
FNH:3
FNDA:1,(anonymous_18)
FNDA:3,AthenticateUserService
FNDA:3,(anonymous_20)
DA:1,1
DA:2,1
DA:4,1
DA:5,1
DA:15,1
DA:18,3
DA:21,3
DA:24,1
DA:25,3
DA:26,3
DA:28,3
DA:29,3
DA:30,1
DA:36,2
DA:40,2
DA:41,1
DA:44,1
DA:49,1
DA:54,1
DA:56,1
LF:20
LH:20
BRDA:28,0,0,3
BRDA:29,1,0,1
BRDA:29,1,1,2
BRDA:40,2,0,1
BRDA:40,2,1,1
BRF:5
BRH:5
end_of_record
TN:
SF:src\modules\users\services\CreateUserService.ts
FN:15,(anonymous_18)
FN:16,CreateUserService
FN:27,(anonymous_20)
FNF:3
FNH:3
FNDA:2,(anonymous_18)
FNDA:5,CreateUserService
FNDA:5,(anonymous_20)
DA:1,2
DA:3,2
DA:15,2
DA:18,5
DA:21,5
DA:24,5
DA:27,5
DA:28,5
DA:29,1
DA:31,4
DA:32,4
DA:38,8
DA:40,4
DA:42,2
DA:44,2
LF:15
LH:15
BRDA:28,0,0,5
BRDA:28,1,0,1
BRDA:28,1,1,4
BRF:3
BRH:3
end_of_record
TN:
SF:src\modules\users\services\ResetPasswordService.ts
FN:16,(anonymous_18)
FN:17,ResetPasswordService
FN:28,(anonymous_20)
FNF:3
FNH:3
FNDA:1,(anonymous_18)
FNDA:4,ResetPasswordService
FNDA:4,(anonymous_20)
DA:1,1
DA:3,1
DA:7,1
DA:16,1
DA:19,4
DA:22,4
DA:25,4
DA:28,4
DA:29,4
DA:30,4
DA:31,1
DA:33,3
DA:35,3
DA:36,1
DA:39,2
DA:40,2
DA:42,2
DA:43,1
DA:46,1
DA:48,2
DA:52,1
LF:21
LH:21
BRDA:29,0,0,4
BRDA:30,1,0,1
BRDA:30,1,1,3
BRDA:33,2,0,0
BRDA:33,2,1,3
BRDA:33,3,0,3
BRDA:33,3,1,3
BRDA:35,4,0,1
BRDA:35,4,1,2
BRDA:42,5,0,1
BRDA:42,5,1,1
BRF:11
BRH:10
end_of_record
TN:
SF:src\modules\users\services\SendForgotPasswordEmailService.ts
FN:13,(anonymous_18)
FN:14,SendForgotPasswordEmailService
FN:25,(anonymous_20)
FNF:3
FNH:3
FNDA:1,(anonymous_18)
FNDA:3,SendForgotPasswordEmailService
FNDA:3,(anonymous_20)
DA:1,1
DA:2,1
DA:5,1
DA:13,1
DA:16,3
DA:19,3
DA:22,3
DA:25,3
DA:26,3
DA:28,3
DA:29,1
DA:32,2
DA:34,2
DA:41,4
DA:56,1
LF:15
LH:15
BRDA:26,0,0,3
BRDA:28,1,0,1
BRDA:28,1,1,2
BRF:3
BRH:3
end_of_record
TN:
SF:src\modules\users\services\ShowProfileService.ts
FN:7,(anonymous_18)
FN:8,ShowProfileService
FN:13,(anonymous_20)
FNF:3
FNH:3
FNDA:1,(anonymous_18)
FNDA:2,ShowProfileService
FNDA:2,(anonymous_20)
DA:1,1
DA:4,1
DA:7,1
DA:10,2
DA:13,1
DA:14,2
DA:15,2
DA:16,1
DA:18,1
DA:20,1
LF:10
LH:10
BRDA:14,0,0,2
BRDA:15,1,0,1
BRDA:15,1,1,1
BRF:3
BRH:3
end_of_record
TN:
SF:src\modules\users\services\UpdateProfileService.ts
FN:16,(anonymous_18)
FN:17,UpdateProfileService
FN:25,(anonymous_20)
FNF:3
FNH:3
FNDA:1,(anonymous_18)
FNDA:6,UpdateProfileService
FNDA:6,(anonymous_20)
DA:1,1
DA:5,1
DA:16,1
DA:19,6
DA:22,6
DA:25,1
DA:26,6
DA:27,6
DA:28,6
DA:29,6
DA:30,6
DA:32,6
DA:33,6
DA:34,1
DA:37,5
DA:41,5
DA:42,1
DA:45,4
DA:46,4
DA:48,4
DA:49,1
DA:54,4
DA:55,2
DA:60,2
DA:61,1
DA:64,1
DA:67,2
DA:69,1
DA:71,1
LF:29
LH:29
BRDA:32,0,0,6
BRDA:32,0,1,2
BRDA:33,1,0,1
BRDA:33,1,1,5
BRDA:41,2,0,1
BRDA:41,2,1,4
BRDA:41,3,0,5
BRDA:41,3,1,1
BRDA:48,4,0,1
BRDA:48,4,1,3
BRDA:48,5,0,4
BRDA:48,5,1,3
BRDA:54,6,0,1
BRDA:54,6,1,2
BRDA:54,7,0,3
BRDA:54,7,1,2
BRDA:60,8,0,1
BRDA:60,8,1,1
BRF:18
BRH:18
end_of_record
TN:
SF:src\modules\users\services\UpdateUserAvatarService.ts
FN:13,(anonymous_18)
FN:14,UpdateUserAvatarService
FN:22,(anonymous_20)
FNF:3
FNH:3
FNDA:1,(anonymous_18)
FNDA:3,UpdateUserAvatarService
FNDA:4,(anonymous_20)
DA:1,1
DA:3,1
DA:13,1
DA:16,3
DA:19,3
DA:22,4
DA:23,4
DA:24,4
DA:25,1
DA:31,5
DA:32,2
DA:35,3
DA:37,3
DA:39,6
DA:41,3
DA:43,1
DA:45,1
LF:17
LH:17
BRDA:23,0,0,4
BRDA:23,0,1,3
BRDA:24,1,0,1
BRDA:24,1,1,3
BRDA:31,2,0,2
BRDA:31,2,1,1
BRF:6
BRH:6
end_of_record
